[2026-04-19 22:56:43][INFO][__main__] device=cuda train_samples=5000 val_samples=500
[2026-04-19 22:56:48][INFO][__main__] epoch=1 train_loss=0.1681 val_loss=0.0205 val_auc=1.0000 val_f1=1.0000 threshold=0.06
[2026-04-19 22:56:53][INFO][__main__] epoch=2 train_loss=0.0161 val_loss=0.0027 val_auc=1.0000 val_f1=1.0000 threshold=0.05
[2026-04-19 22:56:57][INFO][__main__] epoch=3 train_loss=0.0048 val_loss=0.0014 val_auc=1.0000 val_f1=1.0000 threshold=0.05
[2026-04-19 22:57:01][INFO][__main__] epoch=4 train_loss=0.0030 val_loss=0.0011 val_auc=1.0000 val_f1=1.0000 threshold=0.05
[2026-04-19 22:57:01][INFO][__main__] early stopping at epoch 4
[2026-04-19 22:57:01][INFO][__main__] best_auc=1.0000 best_epoch=1
[2026-04-26 14:21:07][INFO][__main__] device=cuda train_samples=15999 val_samples=2001
[2026-04-26 14:21:29][INFO][__main__] epoch=1 train_loss=0.2206 val_loss=0.1362 val_auc=0.9208 val_f1=0.8456 threshold=0.33
[2026-04-26 14:21:51][INFO][__main__] epoch=2 train_loss=0.1411 val_loss=0.1124 val_auc=0.9484 val_f1=0.8876 threshold=0.35
[2026-04-26 14:22:15][INFO][__main__] epoch=3 train_loss=0.1179 val_loss=0.0917 val_auc=0.9623 val_f1=0.9035 threshold=0.36
[2026-04-26 14:22:37][INFO][__main__] epoch=4 train_loss=0.1043 val_loss=0.0864 val_auc=0.9668 val_f1=0.9098 threshold=0.43
[2026-04-26 14:23:00][INFO][__main__] epoch=5 train_loss=0.0941 val_loss=0.0803 val_auc=0.9701 val_f1=0.9159 threshold=0.39
[2026-04-26 14:23:23][INFO][__main__] epoch=6 train_loss=0.0864 val_loss=0.0807 val_auc=0.9722 val_f1=0.9158 threshold=0.31
[2026-04-26 14:23:45][INFO][__main__] epoch=7 train_loss=0.0812 val_loss=0.0787 val_auc=0.9734 val_f1=0.9177 threshold=0.40
[2026-04-26 14:24:06][INFO][__main__] epoch=8 train_loss=0.0790 val_loss=0.0771 val_auc=0.9747 val_f1=0.9219 threshold=0.38
[2026-04-26 14:24:29][INFO][__main__] epoch=9 train_loss=0.0765 val_loss=0.0768 val_auc=0.9748 val_f1=0.9233 threshold=0.35
[2026-04-26 14:24:50][INFO][__main__] epoch=10 train_loss=0.0743 val_loss=0.0763 val_auc=0.9751 val_f1=0.9236 threshold=0.36
[2026-04-26 14:24:51][INFO][__main__] best_auc=0.9751 best_epoch=10
[2026-04-26 14:36:09][INFO][__main__] device=cuda train_samples=15999 val_samples=2001
[2026-04-26 14:40:46][INFO][__main__] device=cuda train_samples=15999 val_samples=2001
[2026-04-26 14:57:12][INFO][__main__] device=cuda train_samples=15999 val_samples=2001
[2026-04-27 11:29:09][INFO][__main__] position-aware vocabulary enabled=True | ngram_range=(1, 3) | include_boundary_tokens=True | lowercase_url=False | use_traffic=True
[2026-04-27 11:29:09][INFO][__main__] vocab sizes | 1gram=451 | 2gram=12923 | 3gram=68721
[2026-04-27 11:29:09][INFO][__main__] position class counts: {'SCHEME': 181686, 'SCHEME+DOMAIN': 97801, 'DOMAIN': 373075, 'DOMAIN+TLD': 95930, 'TLD': 89682, 'TLD+PATH': 70670, 'PATH': 481306, 'SCHEME+SUBDOMAIN': 94131, 'SUBDOMAIN': 157362, 'SUBDOMAIN+DOMAIN': 47038, 'PATH+QUERY_KEY': 6651, 'QUERY_KEY': 25608, 'QUERY_KEY+QUERY_VALUE': 9533, 'QUERY_VALUE': 81804, 'SCHEME+SUBDOMAIN+DOMAIN': 45, 'TLD+PORT': 234, 'PORT': 306, 'PORT+PATH': 153, 'QUERY_VALUE+QUERY_KEY': 2866, 'TLD+PATH+QUERY_KEY': 1186, 'SCHEME+DOMAIN+TLD': 11, 'PATH+FRAGMENT': 242, 'FRAGMENT': 1720, 'TLD+PATH+FRAGMENT': 78, 'PATH+QUERY_KEY+QUERY_VALUE': 194, 'DOMAIN+PATH': 33, 'SUBDOMAIN+DOMAIN+TLD': 5, 'TLD+QUERY_KEY': 22, 'TLD+QUERY_KEY+QUERY_VALUE': 2, 'QUERY_VALUE+FRAGMENT': 6, 'TLD+FRAGMENT': 18, 'PORT+PATH+QUERY_KEY': 3, 'DOMAIN+PORT': 6, 'QUERY_KEY+FRAGMENT': 12}
[2026-04-27 11:29:09][INFO][__main__] n-gram length counts: {1: 622472, 2: 606473, 3: 590474}
[2026-04-27 11:29:09][INFO][__main__] position-aware tokenization example | url=https://seersco.com/gdpr-audit/ | tokens={'1gram': ['SCHEME::h', 'SCHEME::t', 'SCHEME::t', 'SCHEME::p', 'SCHEME::s', 'SCHEME+DOMAIN:::', 'SCHEME+DOMAIN::/', 'SCHEME+DOMAIN::/', 'DOMAIN::s', 'DOMAIN::e', 'DOMAIN::e', 'DOMAIN::r', 'DOMAIN::s', 'DOMAIN::c', 'DOMAIN::o', 'DOMAIN+TLD::.', 'TLD::c', 'TLD::o', 'TLD::m', 'TLD+PATH::/'], '2gram': ['SCHEME::ht', 'SCHEME::tt', 'SCHEME::tp', 'SCHEME::ps', 'SCHEME+DOMAIN::s:', 'SCHEME+DOMAIN:::/', 'SCHEME+DOMAIN:://', 'SCHEME+DOMAIN::/s', 'DOMAIN::se', 'DOMAIN::ee', 'DOMAIN::er', 'DOMAIN::rs', 'DOMAIN::sc', 'DOMAIN::co', 'DOMAIN+TLD::o.', 'DOMAIN+TLD::.c', 'TLD::co', 'TLD::om', 'TLD+PATH::m/', 'TLD+PATH::/g'], '3gram': ['SCHEME::htt', 'SCHEME::ttp', 'SCHEME::tps', 'SCHEME+DOMAIN::ps:', 'SCHEME+DOMAIN::s:/', 'SCHEME+DOMAIN::://', 'SCHEME+DOMAIN:://s', 'SCHEME+DOMAIN::/se', 'DOMAIN::see', 'DOMAIN::eer', 'DOMAIN::ers', 'DOMAIN::rsc', 'DOMAIN::sco', 'DOMAIN+TLD::co.', 'DOMAIN+TLD::o.c', 'DOMAIN+TLD::.co', 'TLD::com', 'TLD+PATH::om/', 'TLD+PATH::m/g', 'TLD+PATH::/gd']}
[2026-04-27 11:29:09][INFO][__main__] position-aware tokenization example | url=https://www.abs.xyz/ | tokens={'1gram': ['SCHEME::h', 'SCHEME::t', 'SCHEME::t', 'SCHEME::p', 'SCHEME::s', 'SCHEME+SUBDOMAIN:::', 'SCHEME+SUBDOMAIN::/', 'SCHEME+SUBDOMAIN::/', 'SUBDOMAIN::w', 'SUBDOMAIN::w', 'SUBDOMAIN::w', 'SUBDOMAIN+DOMAIN::.', 'DOMAIN::a', 'DOMAIN::b', 'DOMAIN::s', 'DOMAIN+TLD::.', 'TLD::x', 'TLD::y', 'TLD::z', 'TLD+PATH::/'], '2gram': ['SCHEME::ht', 'SCHEME::tt', 'SCHEME::tp', 'SCHEME::ps', 'SCHEME+SUBDOMAIN::s:', 'SCHEME+SUBDOMAIN:::/', 'SCHEME+SUBDOMAIN:://', 'SCHEME+SUBDOMAIN::/w', 'SUBDOMAIN::ww', 'SUBDOMAIN::ww', 'SUBDOMAIN+DOMAIN::w.', 'SUBDOMAIN+DOMAIN::.a', 'DOMAIN::ab', 'DOMAIN::bs', 'DOMAIN+TLD::s.', 'DOMAIN+TLD::.x', 'TLD::xy', 'TLD::yz', 'TLD+PATH::z/'], '3gram': ['SCHEME::htt', 'SCHEME::ttp', 'SCHEME::tps', 'SCHEME+SUBDOMAIN::ps:', 'SCHEME+SUBDOMAIN::s:/', 'SCHEME+SUBDOMAIN::://', 'SCHEME+SUBDOMAIN:://w', 'SCHEME+SUBDOMAIN::/ww', 'SUBDOMAIN::www', 'SUBDOMAIN+DOMAIN::ww.', 'SUBDOMAIN+DOMAIN::w.a', 'SUBDOMAIN+DOMAIN::.ab', 'DOMAIN::abs', 'DOMAIN+TLD::bs.', 'DOMAIN+TLD::s.x', 'DOMAIN+TLD::.xy', 'TLD::xyz', 'TLD+PATH::yz/']}
[2026-04-27 11:29:09][INFO][__main__] position-aware tokenization example | url=http://n2ch.net/i/-/%82%DC%82%BFBBS/?guid=ON | tokens={'1gram': ['SCHEME::h', 'SCHEME::t', 'SCHEME::t', 'SCHEME::p', 'SCHEME+DOMAIN:::', 'SCHEME+DOMAIN::/', 'SCHEME+DOMAIN::/', 'DOMAIN::n', 'DOMAIN::2', 'DOMAIN::c', 'DOMAIN::h', 'DOMAIN+TLD::.', 'TLD::n', 'TLD::e', 'TLD::t', 'TLD+PATH::/', 'PATH::i', 'PATH::/', 'PATH::-', 'PATH::/'], '2gram': ['SCHEME::ht', 'SCHEME::tt', 'SCHEME::tp', 'SCHEME+DOMAIN::p:', 'SCHEME+DOMAIN:::/', 'SCHEME+DOMAIN:://', 'SCHEME+DOMAIN::/n', 'DOMAIN::n2', 'DOMAIN::2c', 'DOMAIN::ch', 'DOMAIN+TLD::h.', 'DOMAIN+TLD::.n', 'TLD::ne', 'TLD::et', 'TLD+PATH::t/', 'TLD+PATH::/i', 'PATH::i/', 'PATH::/-', 'PATH::-/', 'PATH::/%'], '3gram': ['SCHEME::htt', 'SCHEME::ttp', 'SCHEME+DOMAIN::tp:', 'SCHEME+DOMAIN::p:/', 'SCHEME+DOMAIN::://', 'SCHEME+DOMAIN:://n', 'SCHEME+DOMAIN::/n2', 'DOMAIN::n2c', 'DOMAIN::2ch', 'DOMAIN+TLD::ch.', 'DOMAIN+TLD::h.n', 'DOMAIN+TLD::.ne', 'TLD::net', 'TLD+PATH::et/', 'TLD+PATH::t/i', 'TLD+PATH::/i/', 'PATH::i/-', 'PATH::/-/', 'PATH::-/%', 'PATH::/%8']}
[2026-04-27 11:29:20][INFO][__main__] device=cuda train_samples=15999 val_samples=2000
[2026-04-27 11:32:39][INFO][__main__] Epoch 1/30 | train_loss=0.0728 | train_acc=0.8473 | val_loss=0.0575 | val_acc=0.9140 | val_f1=0.9112 | val_auc=0.9642 | threshold=0.52
[2026-04-27 11:32:39][INFO][__main__] Epoch 1/30 validation accuracy source: accuracy=0.9140
[2026-04-27 11:36:05][INFO][__main__] Epoch 2/30 | train_loss=0.0461 | train_acc=0.9120 | val_loss=0.0536 | val_acc=0.9215 | val_f1=0.9194 | val_auc=0.9705 | threshold=0.47
[2026-04-27 11:36:05][INFO][__main__] Epoch 2/30 validation accuracy source: accuracy=0.9215
[2026-04-27 11:39:30][INFO][__main__] Epoch 3/30 | train_loss=0.0389 | train_acc=0.9246 | val_loss=0.0634 | val_acc=0.9275 | val_f1=0.9246 | val_auc=0.9740 | threshold=0.48
[2026-04-27 11:39:30][INFO][__main__] Epoch 3/30 validation accuracy source: accuracy=0.9275
[2026-04-27 11:42:55][INFO][__main__] Epoch 4/30 | train_loss=0.0342 | train_acc=0.9331 | val_loss=0.0478 | val_acc=0.9300 | val_f1=0.9269 | val_auc=0.9726 | threshold=0.56
[2026-04-27 11:42:55][INFO][__main__] Epoch 4/30 validation accuracy source: accuracy=0.9300
[2026-04-27 11:46:20][INFO][__main__] Epoch 5/30 | train_loss=0.0312 | train_acc=0.9405 | val_loss=0.0560 | val_acc=0.9295 | val_f1=0.9277 | val_auc=0.9765 | threshold=0.43
[2026-04-27 11:46:20][INFO][__main__] Epoch 5/30 validation accuracy source: accuracy=0.9295
[2026-04-27 11:49:48][INFO][__main__] Epoch 6/30 | train_loss=0.0270 | train_acc=0.9480 | val_loss=0.0649 | val_acc=0.9325 | val_f1=0.9299 | val_auc=0.9770 | threshold=0.49
[2026-04-27 11:49:48][INFO][__main__] Epoch 6/30 validation accuracy source: accuracy=0.9325
[2026-04-27 11:53:14][INFO][__main__] Epoch 7/30 | train_loss=0.0259 | train_acc=0.9536 | val_loss=0.0527 | val_acc=0.9360 | val_f1=0.9329 | val_auc=0.9773 | threshold=0.56
[2026-04-27 11:53:14][INFO][__main__] Epoch 7/30 validation accuracy source: accuracy=0.9360
[2026-04-27 11:56:38][INFO][__main__] Epoch 8/30 | train_loss=0.0236 | train_acc=0.9589 | val_loss=0.0441 | val_acc=0.9390 | val_f1=0.9369 | val_auc=0.9770 | threshold=0.57
[2026-04-27 11:56:38][INFO][__main__] Epoch 8/30 validation accuracy source: accuracy=0.9390
[2026-04-27 11:59:58][INFO][__main__] Epoch 9/30 | train_loss=0.0215 | train_acc=0.9612 | val_loss=0.0488 | val_acc=0.9375 | val_f1=0.9356 | val_auc=0.9781 | threshold=0.60
[2026-04-27 11:59:58][INFO][__main__] Epoch 9/30 validation accuracy source: accuracy=0.9375
[2026-04-27 12:03:31][INFO][__main__] Epoch 10/30 | train_loss=0.0195 | train_acc=0.9643 | val_loss=0.0519 | val_acc=0.9390 | val_f1=0.9369 | val_auc=0.9762 | threshold=0.57
[2026-04-27 12:03:31][INFO][__main__] Epoch 10/30 validation accuracy source: accuracy=0.9390
[2026-04-27 12:06:50][INFO][__main__] Epoch 11/30 | train_loss=0.0181 | train_acc=0.9661 | val_loss=0.0895 | val_acc=0.9370 | val_f1=0.9345 | val_auc=0.9741 | threshold=0.42
[2026-04-27 12:06:50][INFO][__main__] Epoch 11/30 validation accuracy source: accuracy=0.9370
[2026-04-27 12:10:09][INFO][__main__] Epoch 12/30 | train_loss=0.0161 | train_acc=0.9704 | val_loss=0.0784 | val_acc=0.9400 | val_f1=0.9376 | val_auc=0.9730 | threshold=0.58
[2026-04-27 12:10:09][INFO][__main__] Epoch 12/30 validation accuracy source: accuracy=0.9400
[2026-04-27 12:13:29][INFO][__main__] Epoch 13/30 | train_loss=0.0155 | train_acc=0.9732 | val_loss=0.0623 | val_acc=0.9410 | val_f1=0.9389 | val_auc=0.9744 | threshold=0.44
[2026-04-27 12:13:29][INFO][__main__] Epoch 13/30 validation accuracy source: accuracy=0.9410
[2026-04-27 12:16:48][INFO][__main__] Epoch 14/30 | train_loss=0.0138 | train_acc=0.9762 | val_loss=0.0790 | val_acc=0.9360 | val_f1=0.9345 | val_auc=0.9711 | threshold=0.48
[2026-04-27 12:16:48][INFO][__main__] Epoch 14/30 validation accuracy source: accuracy=0.9360
[2026-04-27 12:20:08][INFO][__main__] Epoch 15/30 | train_loss=0.0122 | train_acc=0.9791 | val_loss=0.0959 | val_acc=0.9365 | val_f1=0.9348 | val_auc=0.9712 | threshold=0.34
[2026-04-27 12:20:08][INFO][__main__] Epoch 15/30 validation accuracy source: accuracy=0.9365
[2026-04-27 12:23:27][INFO][__main__] Epoch 16/30 | train_loss=0.0116 | train_acc=0.9819 | val_loss=0.1013 | val_acc=0.9395 | val_f1=0.9367 | val_auc=0.9740 | threshold=0.61
[2026-04-27 12:23:27][INFO][__main__] Epoch 16/30 validation accuracy source: accuracy=0.9395
[2026-04-27 12:26:46][INFO][__main__] Epoch 17/30 | train_loss=0.0105 | train_acc=0.9828 | val_loss=0.1088 | val_acc=0.9390 | val_f1=0.9372 | val_auc=0.9729 | threshold=0.32
[2026-04-27 12:26:46][INFO][__main__] Epoch 17/30 validation accuracy source: accuracy=0.9390
[2026-04-27 12:30:05][INFO][__main__] Epoch 18/30 | train_loss=0.0103 | train_acc=0.9831 | val_loss=0.0911 | val_acc=0.9355 | val_f1=0.9346 | val_auc=0.9739 | threshold=0.45
[2026-04-27 12:30:05][INFO][__main__] Epoch 18/30 validation accuracy source: accuracy=0.9355
[2026-04-27 12:33:26][INFO][__main__] Epoch 19/30 | train_loss=0.0100 | train_acc=0.9838 | val_loss=0.0832 | val_acc=0.9395 | val_f1=0.9376 | val_auc=0.9707 | threshold=0.47
[2026-04-27 12:33:26][INFO][__main__] Epoch 19/30 validation accuracy source: accuracy=0.9395
[2026-04-27 12:36:47][INFO][__main__] Epoch 20/30 | train_loss=0.0097 | train_acc=0.9842 | val_loss=0.0847 | val_acc=0.9405 | val_f1=0.9375 | val_auc=0.9724 | threshold=0.61
[2026-04-27 12:36:47][INFO][__main__] Epoch 20/30 validation accuracy source: accuracy=0.9405
